#
# There is insufficient memory for the Java Runtime Environment to continue.
# Native memory allocation (malloc) failed to allocate 1048576 bytes for AllocateHeap
# Possible reasons:
#   The system is out of physical RAM or swap space
#   In 32 bit mode, the process size limit was hit
# Possible solutions:
#   Reduce memory load on the system
#   Increase physical memory or swap space
#   Check if swap backing store is full
#   Use 64 bit Java on a 64 bit OS
#   Decrease Java heap size (-Xmx/-Xms)
#   Decrease number of Java threads
#   Decrease Java thread stack sizes (-Xss)
#   Set larger code cache with -XX:ReservedCodeCacheSize=
# This output file may be truncated or incomplete.
#
#  Out of Memory Error (memory/allocation.inline.hpp:61), pid=7248, tid=0x0000000000000f58
#
# JRE version:  (8.0_144-b01) (build )
# Java VM: Java HotSpot(TM) 64-Bit Server VM (25.144-b01 mixed mode windows-amd64 compressed oops)
# Failed to write core dump. Minidumps are not enabled by default on client versions of Windows
#

---------------  T H R E A D  ---------------

Current thread (0x00000000024e0800):  JavaThread "Unknown thread" [_thread_in_vm, id=3928, stack(0x00000000023e0000,0x00000000024e0000)]

Stack: [0x00000000023e0000,0x00000000024e0000]
[error occurred during error reporting (printing stack bounds), id 0xc0000005]

Native frames: (J=compiled Java code, j=interpreted, Vv=VM code, C=native code)


---------------  P R O C E S S  ---------------

Java Threads: ( => current thread )

Other Threads:

=>0x00000000024e0800 (exited) JavaThread "Unknown thread" [_thread_in_vm, id=3928, stack(0x00000000023e0000,0x00000000024e0000)]

VM state:not at safepoint (normal execution)

VM Mutex/Monitor currently owned by a thread: None

Heap:
 PSYoungGen      total 18944K, used 327K [0x00000000eb300000, 0x00000000ec800000, 0x0000000100000000)
  eden space 16384K, 2% used [0x00000000eb300000,0x00000000eb351ec8,0x00000000ec300000)
  from space 2560K, 0% used [0x00000000ec580000,0x00000000ec580000,0x00000000ec800000)
  to   space 2560K, 0% used [0x00000000ec300000,0x00000000ec300000,0x00000000ec580000)
 ParOldGen       total 44032K, used 0K [0x00000000c1800000, 0x00000000c4300000, 0x00000000eb300000)
  object space 44032K, 0% used [0x00000000c1800000,0x00000000c1800000,0x00000000c4300000)
 Metaspace       used 752K, capacity 1092K, committed 1152K, reserved 1060864K
  class space    used 75K, capacity 384K, committed 384K, reserved 1048576K

Card table byte_map: [0x00000000119a0000,0x0000000011ba0000] byte_map_base: 0x0000000011394000

Marking Bits: (ParMarkBitMap*) 0x000000006205d850
 Begin Bits: [0x00000000120f0000, 0x0000000013090000)
 End Bits:   [0x0000000013090000, 0x0000000014030000)

Polling page: 0x00000000009c0000

CodeCache: size=245760Kb used=328Kb max_used=328Kb free=245431Kb
 bounds [0x00000000025e0000, 0x0000000002850000, 0x00000000115e0000]
 total_blobs=58 nmethods=0 adapters=38
 compilation: enabled

Compilation events (0 events):
No events

GC Heap History (0 events):
No events

Deoptimization events (0 events):
No events

Internal exceptions (0 events):
No events

Events (10 events):
Event: 0.035 loading class java/lang/Short
Event: 0.035 loading class java/lang/Short done
Event: 0.035 loading class java/lang/Integer
Event: 0.035 loading class java/lang/Integer done
Event: 0.035 loading class java/lang/Long
Event: 0.035 loading class java/lang/Long done
Event: 0.037 loading class java/lang/NullPointerException
Event: 0.037 loading class java/lang/NullPointerException done
Event: 0.037 loading class java/lang/ArithmeticException
Event: 0.037 loading class java/lang/ArithmeticException done


Dynamic libraries:
0x00007ff78cc40000 - 0x00007ff78cc77000 	C:\Program Files\Java\jre1.8.0_144\bin\javaw.exe
0x00007ffd75ce0000 - 0x00007ffd75ea1000 	C:\Windows\SYSTEM32\ntdll.dll
0x00007ffd73d50000 - 0x00007ffd73dfd000 	C:\Windows\system32\KERNEL32.DLL
0x00007ffd72b60000 - 0x00007ffd72d48000 	C:\Windows\system32\KERNELBASE.dll
0x00007ffd73230000 - 0x00007ffd732d7000 	C:\Windows\system32\ADVAPI32.dll
0x00007ffd735a0000 - 0x00007ffd7363d000 	C:\Windows\system32\msvcrt.dll
0x00007ffd75ab0000 - 0x00007ffd75b0b000 	C:\Windows\system32\sechost.dll
0x00007ffd75990000 - 0x00007ffd75aac000 	C:\Windows\system32\RPCRT4.dll
0x00007ffd75b10000 - 0x00007ffd75c66000 	C:\Windows\system32\USER32.dll
0x00007ffd73410000 - 0x00007ffd73597000 	C:\Windows\system32\GDI32.dll
0x00007ffd674d0000 - 0x00007ffd67744000 	C:\Windows\WinSxS\amd64_microsoft.windows.common-controls_6595b64144ccf1df_6.0.10586.839_none_a2ddba30a539a2ae\COMCTL32.dll
0x00007ffd736a0000 - 0x00007ffd7391e000 	C:\Windows\system32\combase.dll
0x00007ffd72a40000 - 0x00007ffd72aaa000 	C:\Windows\system32\bcryptPrimitives.dll
0x00007ffd73fc0000 - 0x00007ffd73ffb000 	C:\Windows\system32\IMM32.DLL
0x00000000620e0000 - 0x00000000621b2000 	C:\Program Files\Java\jre1.8.0_144\bin\msvcr100.dll
0x0000000061840000 - 0x00000000620dd000 	C:\Program Files\Java\jre1.8.0_144\bin\server\jvm.dll
0x00007ffd75c70000 - 0x00007ffd75c78000 	C:\Windows\system32\PSAPI.DLL
0x00007ffd62850000 - 0x00007ffd62859000 	C:\Windows\SYSTEM32\WSOCK32.dll
0x00007ffd705d0000 - 0x00007ffd705f3000 	C:\Windows\SYSTEM32\WINMM.dll
0x00007ffd74000000 - 0x00007ffd7406b000 	C:\Windows\system32\WS2_32.dll
0x00007ffd69770000 - 0x00007ffd6977a000 	C:\Windows\SYSTEM32\VERSION.dll
0x0000000000670000 - 0x000000000069c000 	C:\Windows\SYSTEM32\WINMMBASE.dll
0x00007ffd72fe0000 - 0x00007ffd73023000 	C:\Windows\system32\cfgmgr32.dll
0x0000000061830000 - 0x000000006183f000 	C:\Program Files\Java\jre1.8.0_144\bin\verify.dll
0x0000000061800000 - 0x0000000061829000 	C:\Program Files\Java\jre1.8.0_144\bin\java.dll
0x00000000617e0000 - 0x00000000617f6000 	C:\Program Files\Java\jre1.8.0_144\bin\zip.dll

VM Arguments:
jvm_args: -Dfile.encoding=Cp1252 
java_command: org.ims.ignou.view.finance.Main
java_class_path (initial): C:\Users\pro\ims\IMS\bin;C:\Users\pro\ims\IMS\ojdbc7.jar;C:\Users\pro\ims\IMS\javax.mail.jar;C:\Users\pro\ims\IMS\jcalendar-1.4.jar;C:\Users\pro\ims\IMS\jfreechart-1.0.19-demo.jar
Launcher Type: SUN_STANDARD

Environment Variables:
PATH=C:\app\pro\product\11.2.0\dbhome_1\bin;C:\ProgramData\Oracle\Java\javapath;C:\Windows\system32;C:\Windows;C:\Windows\System32\Wbem;C:\Windows\System32\WindowsPowerShell\v1.0\;C:\Program Files\Java\jdk1.8.0_05\bin
USERNAME=pro
OS=Windows_NT
PROCESSOR_IDENTIFIER=Intel64 Family 6 Model 78 Stepping 3, GenuineIntel



---------------  S Y S T E M  ---------------

OS: Windows 10.0 , 64 bit Build 10586 (10.0.10586.589)

CPU:total 4 (initial active 4) (2 cores per cpu, 1 threads per core) family 6 model 78 stepping 3, cmov, cx8, fxsr, mmx, sse, sse2, sse3, ssse3, sse4.1, sse4.2, popcnt, avx, avx2, aes, clmul, erms, rtm, 3dnowpref, lzcnt, tsc, tscinvbit, bmi1, bmi2, adx

Memory: 4k page, physical 4095476k(1170316k free), swap 8027376k(5604k free)

vm_info: Java HotSpot(TM) 64-Bit Server VM (25.144-b01) for windows-amd64 JRE (1.8.0_144-b01), built on Jul 21 2017 21:57:33 by "java_re" with MS VC++ 10.0 (VS2010)

time: Wed Sep 13 22:07:41 2017
elapsed time: 0 seconds (0d 0h 0m 0s)

