#
# There is insufficient memory for the Java Runtime Environment to continue.
# Native memory allocation (malloc) failed to allocate 1048576 bytes for AllocateHeap
# Possible reasons:
#   The system is out of physical RAM or swap space
#   In 32 bit mode, the process size limit was hit
# Possible solutions:
#   Reduce memory load on the system
#   Increase physical memory or swap space
#   Check if swap backing store is full
#   Use 64 bit Java on a 64 bit OS
#   Decrease Java heap size (-Xmx/-Xms)
#   Decrease number of Java threads
#   Decrease Java thread stack sizes (-Xss)
#   Set larger code cache with -XX:ReservedCodeCacheSize=
# This output file may be truncated or incomplete.
#
#  Out of Memory Error (memory/allocation.inline.hpp:61), pid=9032, tid=0x000000000000216c
#
# JRE version:  (8.0_144-b01) (build )
# Java VM: Java HotSpot(TM) 64-Bit Server VM (25.144-b01 mixed mode windows-amd64 compressed oops)
# Failed to write core dump. Minidumps are not enabled by default on client versions of Windows
#

---------------  T H R E A D  ---------------

Current thread (0x0000000002730800):  JavaThread "Unknown thread" [_thread_in_vm, id=8556, stack(0x00000000025c0000,0x00000000026c0000)]

Stack: [0x00000000025c0000,0x00000000026c0000]
[error occurred during error reporting (printing stack bounds), id 0xc0000005]

Native frames: (J=compiled Java code, j=interpreted, Vv=VM code, C=native code)


---------------  P R O C E S S  ---------------

Java Threads: ( => current thread )

Other Threads:

=>0x0000000002730800 (exited) JavaThread "Unknown thread" [_thread_in_vm, id=8556, stack(0x00000000025c0000,0x00000000026c0000)]

VM state:not at safepoint (normal execution)

VM Mutex/Monitor currently owned by a thread: None

Heap:
 PSYoungGen      total 18944K, used 327K [0x00000000eb300000, 0x00000000ec800000, 0x0000000100000000)
  eden space 16384K, 2% used [0x00000000eb300000,0x00000000eb351ec8,0x00000000ec300000)
  from space 2560K, 0% used [0x00000000ec580000,0x00000000ec580000,0x00000000ec800000)
  to   space 2560K, 0% used [0x00000000ec300000,0x00000000ec300000,0x00000000ec580000)
 ParOldGen       total 44032K, used 0K [0x00000000c1800000, 0x00000000c4300000, 0x00000000eb300000)
  object space 44032K, 0% used [0x00000000c1800000,0x00000000c1800000,0x00000000c4300000)
 Metaspace       used 746K, capacity 4480K, committed 4480K, reserved 1056768K
  class space    used 75K, capacity 384K, committed 384K, reserved 1048576K

Card table byte_map: [0x0000000011bf0000,0x0000000011df0000] byte_map_base: 0x00000000115e4000

Marking Bits: (ParMarkBitMap*) 0x0000000075bcd850
 Begin Bits: [0x0000000012340000, 0x00000000132e0000)
 End Bits:   [0x00000000132e0000, 0x0000000014280000)

Polling page: 0x00000000026c0000

CodeCache: size=245760Kb used=328Kb max_used=328Kb free=245431Kb
 bounds [0x0000000002830000, 0x0000000002aa0000, 0x0000000011830000]
 total_blobs=58 nmethods=0 adapters=38
 compilation: enabled

Compilation events (0 events):
No events

GC Heap History (0 events):
No events

Deoptimization events (0 events):
No events

Internal exceptions (0 events):
No events

Events (10 events):
Event: 0.064 loading class java/lang/Short
Event: 0.064 loading class java/lang/Short done
Event: 0.064 loading class java/lang/Integer
Event: 0.065 loading class java/lang/Integer done
Event: 0.065 loading class java/lang/Long
Event: 0.065 loading class java/lang/Long done
Event: 0.066 loading class java/lang/NullPointerException
Event: 0.066 loading class java/lang/NullPointerException done
Event: 0.066 loading class java/lang/ArithmeticException
Event: 0.067 loading class java/lang/ArithmeticException done


Dynamic libraries:
0x00007ff667420000 - 0x00007ff667457000 	C:\Program Files\Java\jre1.8.0_144\bin\javaw.exe
0x00007ffab7b10000 - 0x00007ffab7cd1000 	C:\Windows\SYSTEM32\ntdll.dll
0x00007ffab50c0000 - 0x00007ffab516d000 	C:\Windows\system32\KERNEL32.DLL
0x00007ffab4b00000 - 0x00007ffab4ce8000 	C:\Windows\system32\KERNELBASE.dll
0x00007ffab4fb0000 - 0x00007ffab5057000 	C:\Windows\system32\ADVAPI32.dll
0x00007ffab7a70000 - 0x00007ffab7b0d000 	C:\Windows\system32\msvcrt.dll
0x00007ffab4f50000 - 0x00007ffab4fab000 	C:\Windows\system32\sechost.dll
0x00007ffab5400000 - 0x00007ffab551c000 	C:\Windows\system32\RPCRT4.dll
0x00007ffab5520000 - 0x00007ffab5676000 	C:\Windows\system32\USER32.dll
0x00007ffab5850000 - 0x00007ffab59d7000 	C:\Windows\system32\GDI32.dll
0x00007ffaaa220000 - 0x00007ffaaa494000 	C:\Windows\WinSxS\amd64_microsoft.windows.common-controls_6595b64144ccf1df_6.0.10586.839_none_a2ddba30a539a2ae\COMCTL32.dll
0x00007ffab59e0000 - 0x00007ffab5c5e000 	C:\Windows\system32\combase.dll
0x00007ffab4ea0000 - 0x00007ffab4f0a000 	C:\Windows\system32\bcryptPrimitives.dll
0x00007ffab4f10000 - 0x00007ffab4f4b000 	C:\Windows\system32\IMM32.DLL
0x0000000075c50000 - 0x0000000075d22000 	C:\Program Files\Java\jre1.8.0_144\bin\msvcr100.dll
0x00000000753b0000 - 0x0000000075c4d000 	C:\Program Files\Java\jre1.8.0_144\bin\server\jvm.dll
0x00007ffab5e90000 - 0x00007ffab5e98000 	C:\Windows\system32\PSAPI.DLL
0x00007ffaa4dd0000 - 0x00007ffaa4dd9000 	C:\Windows\SYSTEM32\WSOCK32.dll
0x00007ffab2470000 - 0x00007ffab2493000 	C:\Windows\SYSTEM32\WINMM.dll
0x00007ffaac440000 - 0x00007ffaac44a000 	C:\Windows\SYSTEM32\VERSION.dll
0x0000000002570000 - 0x000000000259c000 	C:\Windows\SYSTEM32\WINMMBASE.dll
0x00007ffab5c60000 - 0x00007ffab5ccb000 	C:\Windows\system32\ws2_32.DLL
0x00007ffab48e0000 - 0x00007ffab4923000 	C:\Windows\system32\cfgmgr32.dll
0x00000000753a0000 - 0x00000000753af000 	C:\Program Files\Java\jre1.8.0_144\bin\verify.dll
0x0000000075370000 - 0x0000000075399000 	C:\Program Files\Java\jre1.8.0_144\bin\java.dll
0x0000000075350000 - 0x0000000075366000 	C:\Program Files\Java\jre1.8.0_144\bin\zip.dll

VM Arguments:
jvm_args: -Dfile.encoding=Cp1252 
java_command: org.ims.ignou.view.student.registration.test_student
java_class_path (initial): C:\Users\pro\ims\IMS\bin;C:\Users\pro\ims\IMS\ojdbc7.jar;C:\Users\pro\ims\IMS\javax.mail.jar
Launcher Type: SUN_STANDARD

Environment Variables:
PATH=C:\app\pro\product\11.2.0\dbhome_1\bin;C:\ProgramData\Oracle\Java\javapath;C:\Windows\system32;C:\Windows;C:\Windows\System32\Wbem;C:\Windows\System32\WindowsPowerShell\v1.0\;C:\Program Files\Java\jdk1.8.0_05\bin
USERNAME=pro
OS=Windows_NT
PROCESSOR_IDENTIFIER=Intel64 Family 6 Model 78 Stepping 3, GenuineIntel



---------------  S Y S T E M  ---------------

OS: Windows 10.0 , 64 bit Build 10586 (10.0.10586.589)

CPU:total 4 (initial active 4) (2 cores per cpu, 1 threads per core) family 6 model 78 stepping 3, cmov, cx8, fxsr, mmx, sse, sse2, sse3, ssse3, sse4.1, sse4.2, popcnt, avx, avx2, aes, clmul, erms, rtm, 3dnowpref, lzcnt, tsc, tscinvbit, bmi1, bmi2, adx

Memory: 4k page, physical 4095476k(634996k free), swap 8027376k(5268k free)

vm_info: Java HotSpot(TM) 64-Bit Server VM (25.144-b01) for windows-amd64 JRE (1.8.0_144-b01), built on Jul 21 2017 21:57:33 by "java_re" with MS VC++ 10.0 (VS2010)

time: Sat Sep 09 22:39:52 2017
elapsed time: 0 seconds (0d 0h 0m 0s)

